<?xml version="1.0" encoding="UTF-8"?>
<!-- Generated by org.testng.reporters.JUnitReportReporter -->
<testsuite hostname="PUN-LAP-KOTHA" failures="0" tests="1" name="cucumber.Options.TestNG_testRunner" time="18.903" errors="0" timestamp="2023-06-19T14:32:40 IST" skipped="0">
  <testcase classname="cucumber.Options.TestNG_testRunner" name="runScenario" time="18.903"/>
  <system-out/>
</testsuite> <!-- cucumber.Options.TestNG_testRunner -->
